
!!! Inicio dos testes
!!!      Construto sob teste: trab2.exe
!!!      Script de teste:     TestePilha.script

!!!    0  Linha:     1  // Script:    TestePilha.script 
!!!    0  Linha:     2  // Autor:     Thiago Lages de Alencar 
!!!    0  Linha:     3  // Data:      14/05/13 
!!!    0  Linha:     4  // Propósito: Testar o módulo pilha genérica 
!!!    0  Linha:     5  // 
    7  == Inicializar valores
   28  == Criar a pilha 0
>>>    1  Linha:    29  Comando não conhecido:  =criarpilha      pilha0
   31  == Verificar ObterValor relativo a pilhavazia
>>>    2  Linha:    32  Erro nos parâmetros do comando:  =obtervalorelem  pilha0   "???"     pNULL
   34  == Inserir elemento em lista vazia
>>>    3  Linha:    35  Erro nos parâmetros do comando:  =inselemapos    pilha0   str0   OK
   37  == Inserir elemento após primeiro
>>>    4  Linha:    38  Erro nos parâmetros do comando:  =inselemapos     pilha0   str1   OK
   40  == Excluir elemento
>>>    5  Linha:    41  Erro nos parâmetros do comando:  =obtervalorelem  pilha0   str1   pNaoNULL
   43  == Excluir elemento único
>>>    6  Linha:    44  Erro nos parâmetros do comando:  =obtervalorelem  pilha0   str1   pNaoNULL
   46  == Ver se a lista ficou vazia
>>>    7  Linha:    47  Erro nos parâmetros do comando:  =obtervalorelem  pilha0   "???"  pNULL
   49  == Destruir a lista
>>>    8  Linha:    50  Erro nos parâmetros do comando:  =destruirlista   pilha0
   52  == Criar uma lista com seis elementos
>>>    9  Linha:    53  Comando não conhecido:  =criarpilha      pilha2
>>>   10  Linha:    54  Comando de teste ignorado:  =inselemapos     pilha2   str0   OK
>>>   11  Linha:    55  Comando de teste ignorado:  =inselemapos     pilha2   str1   OK
>>>   12  Linha:    56  Comando de teste ignorado:  =inselemapos     pilha2   str2   OK
>>>   13  Linha:    57  Comando de teste ignorado:  =inselemapos     pilha2   str3   OK
>>>   14  Linha:    58  Comando de teste ignorado:  =inselemapos     pilha2   str4   OK
>>>   15  Linha:    59  Comando de teste ignorado:  =inselemapos     pilha2   str5   OK
   61  == Destruir a pilha
>>>   16  Linha:    62  Comando não conhecido:  =destruirpilha   pilha2
!!!   16  Linha:    64  // fim 

!!! Número de linhas lidas:          64
!!! Número de casos de teste:        11
!!! Número comandos corretos:        16
!!! Número de falhas encontradas:    16

!!! Foram encontrados problemas


!!! Numero de espacos ainda alocados: 0
